c:\users\jdani\desktop\sistema de gestion de recrusos humanos proyecto final\sistema_de_gestion_rh\sistema_de_gestion_rh\x64\release\vc143.pdb
c:\users\jdani\desktop\sistema de gestion de recrusos humanos proyecto final\sistema_de_gestion_rh\sistema_de_gestion_rh\x64\release\sistema_de_gestion_rh.obj
c:\users\jdani\desktop\sistema de gestion de recrusos humanos proyecto final\sistema_de_gestion_rh\sistema_de_gestion_rh\x64\release\conexionmysql.obj
c:\users\jdani\desktop\sistema de gestion de recrusos humanos proyecto final\sistema_de_gestion_rh\sistema_de_gestion_rh\x64\release\empleado.obj
c:\users\jdani\desktop\sistema de gestion de recrusos humanos proyecto final\sistema_de_gestion_rh\sistema_de_gestion_rh\x64\release\utilidades.obj
c:\users\jdani\desktop\sistema de gestion de recrusos humanos proyecto final\sistema_de_gestion_rh\sistema_de_gestion_rh\x64\release\codigocui.obj
c:\users\jdani\desktop\sistema de gestion de recrusos humanos proyecto final\sistema_de_gestion_rh\sistema_de_gestion_rh\x64\release\nomina.obj
c:\users\jdani\desktop\sistema de gestion de recrusos humanos proyecto final\sistema_de_gestion_rh\x64\release\sistema_de_gestion_rh.exe
c:\users\jdani\desktop\sistema de gestion de recrusos humanos proyecto final\sistema_de_gestion_rh\sistema_de_gestion_rh\x64\release\sistema_de_gestion_rh.ipdb
c:\users\jdani\desktop\sistema de gestion de recrusos humanos proyecto final\sistema_de_gestion_rh\x64\release\sistema_de_gestion_rh.pdb
c:\users\jdani\desktop\sistema de gestion de recrusos humanos proyecto final\sistema_de_gestion_rh\sistema_de_gestion_rh\x64\release\sistema_de_gestion_rh.iobj
c:\users\jdani\desktop\sistema_de_gestion_hr\sistema_de_gestion_rh\sistema_de_gestion_rh\x64\release\codigocui.obj
c:\users\jdani\desktop\sistema_de_gestion_hr\sistema_de_gestion_rh\sistema_de_gestion_rh\x64\release\conexionmysql.obj
c:\users\jdani\desktop\sistema_de_gestion_hr\sistema_de_gestion_rh\sistema_de_gestion_rh\x64\release\empleado.obj
c:\users\jdani\desktop\sistema_de_gestion_hr\sistema_de_gestion_rh\sistema_de_gestion_rh\x64\release\mysql.obj
c:\users\jdani\desktop\sistema_de_gestion_hr\sistema_de_gestion_rh\sistema_de_gestion_rh\x64\release\nomina.obj
c:\users\jdani\desktop\sistema_de_gestion_hr\sistema_de_gestion_rh\sistema_de_gestion_rh\x64\release\sistema_de_gestion_rh.obj
c:\users\jdani\desktop\sistema_de_gestion_hr\sistema_de_gestion_rh\sistema_de_gestion_rh\x64\release\utilidades.obj
c:\users\jdani\desktop\sistema_de_gestion_hr\sistema_de_gestion_rh\sistema_de_gestion_rh\x64\release\sistema_de_gestion_rh.ipdb
c:\users\jdani\desktop\sistema_de_gestion_hr\sistema_de_gestion_rh\sistema_de_gestion_rh\x64\release\sistema_de_gestion_rh.iobj
c:\users\jdani\desktop\sistema_de_gestion_hr\sistema_de_gestion_rh\sistema_de_gestion_rh\x64\release\vc143.pdb
c:\users\jdani\desktop\sistema_de_gestion_hr\sistema_de_gestion_rh\x64\release\sistema_de_gestion_rh.pdb
c:\users\jdani\desktop\sistema_de_gestion_hr\sistema_de_gestion_rh\x64\release\sistema_de_gestion_rh.exe
c:\users\jdani\desktop\sistema_de_gestion_hr\sistema_de_gestion_rh\sistema_de_gestion_rh\x64\release\sistema_.22ea9e4f.tlog\cl.command.1.tlog
c:\users\jdani\desktop\sistema_de_gestion_hr\sistema_de_gestion_rh\sistema_de_gestion_rh\x64\release\sistema_.22ea9e4f.tlog\cl.items.tlog
c:\users\jdani\desktop\sistema_de_gestion_hr\sistema_de_gestion_rh\sistema_de_gestion_rh\x64\release\sistema_.22ea9e4f.tlog\cl.read.1.tlog
c:\users\jdani\desktop\sistema_de_gestion_hr\sistema_de_gestion_rh\sistema_de_gestion_rh\x64\release\sistema_.22ea9e4f.tlog\cl.write.1.tlog
c:\users\jdani\desktop\sistema_de_gestion_hr\sistema_de_gestion_rh\sistema_de_gestion_rh\x64\release\sistema_.22ea9e4f.tlog\link.command.1.tlog
c:\users\jdani\desktop\sistema_de_gestion_hr\sistema_de_gestion_rh\sistema_de_gestion_rh\x64\release\sistema_.22ea9e4f.tlog\link.read.1.tlog
c:\users\jdani\desktop\sistema_de_gestion_hr\sistema_de_gestion_rh\sistema_de_gestion_rh\x64\release\sistema_.22ea9e4f.tlog\link.write.1.tlog
